<?xml version="1.0" encoding="UTF-8"?>
<!-- Generated by org.testng.reporters.JUnitXMLReporter -->
<testsuite hostname="DEEP-1808222042" ignored="0" name="Test" tests="5" failures="2" timestamp="14 七月 2019 08:11:39 GMT" time="48.359" errors="0">
  <testcase name="login" time="9.133" classname="com.test.ng.LoginTestNG">
    <skipped/>
  </testcase> <!-- login -->
  <testcase name="login" time="6.951" classname="com.test.ng.LoginTestNG">
    <skipped/>
  </testcase> <!-- login -->
  <testcase name="login" time="8.429" classname="com.test.ng.LoginTestNG">
    <skipped/>
  </testcase> <!-- login -->
  <testcase name="login" time="7.132" classname="com.test.ng.LoginTestNG">
    <failure type="java.lang.AssertionError" message="expected [true] but found [false]">
      <![CDATA[java.lang.AssertionError: expected [true] but found [false]
at com.test.ng.LoginTestNG.login(LoginTestNG.java:34)
... Removed 38 stack frames]]>
    </failure>
  </testcase> <!-- login -->
  <testcase name="login" time="48.342" classname="com.test.ng.LoginTestNG">
    <failure type="java.lang.NullPointerException">
      <![CDATA[java.lang.NullPointerException
at com.test.lib.TestngListenerScreenShot.takeScreenShot(TestngListenerScreenShot.java:47)
at com.test.lib.TestngListenerScreenShot.onTestFailure(TestngListenerScreenShot.java:34)
... Removed 31 stack frames]]>
    </failure>
  </testcase> <!-- login -->
</testsuite> <!-- Test -->
