<?xml version="1.0" encoding="UTF-8"?>
<testng-results skipped="0" failed="0" ignored="0" total="1" passed="1">
  <reporter-output>
  </reporter-output>
  <suite name="Suite" duration-ms="21085" started-at="2019-06-30T16:55:56Z" finished-at="2019-06-30T16:56:17Z">
    <groups>
      <group name="LoginTestNG.login">
        <method signature="LoginTestNG.login()[pri:0, instance:com.test.ng.LoginTestNG@6a1aab78]" name="login" class="com.test.ng.LoginTestNG"/>
      </group> <!-- LoginTestNG.login -->
    </groups>
    <test name="Test" duration-ms="21085" started-at="2019-06-30T16:55:56Z" finished-at="2019-06-30T16:56:17Z">
      <class name="com.test.ng.LoginTestNG">
        <test-method status="PASS" signature="beforeMethod()[pri:0, instance:com.test.ng.LoginTestNG@6a1aab78]" name="beforeMethod" is-config="true" duration-ms="3884" started-at="2019-06-30T16:55:56Z" finished-at="2019-06-30T16:56:00Z">
          <reporter-output>
          </reporter-output>
        </test-method> <!-- beforeMethod -->
        <test-method status="PASS" signature="login()[pri:0, instance:com.test.ng.LoginTestNG@6a1aab78]" name="login" duration-ms="15993" started-at="2019-06-30T16:56:00Z" finished-at="2019-06-30T16:56:16Z">
          <reporter-output>
          </reporter-output>
        </test-method> <!-- login -->
        <test-method status="PASS" signature="afterMethod()[pri:0, instance:com.test.ng.LoginTestNG@6a1aab78]" name="afterMethod" is-config="true" duration-ms="1174" started-at="2019-06-30T16:56:16Z" finished-at="2019-06-30T16:56:17Z">
          <reporter-output>
          </reporter-output>
        </test-method> <!-- afterMethod -->
      </class> <!-- com.test.ng.LoginTestNG -->
    </test> <!-- Test -->
  </suite> <!-- Suite -->
</testng-results>
