<?xml version="1.0" encoding="UTF-8"?>
<testsuite name="Test"
           tests="3"
           failures="0"
           errors="0"
           skipped="2"
           time="29.018">
  <properties />
  
            <testcase name="testLoginfail" time="0.0" classname="com.test.ng.TestLoginFail">
          <skipped />
    </testcase>
            <testcase name="testLoginfail" time="0.0" classname="com.test.ng.TestLoginFail">
          <skipped />
    </testcase>
  
            <testcase name="testLoginfail" time="25.542" classname="com.test.ng.TestLoginFail" />
      
</testsuite>
